d:\dev\mfc\jsoncppsample\cwndsample\debug\cwndsample.pch
d:\dev\mfc\jsoncppsample\cwndsample\debug\vc120.pdb
d:\dev\mfc\jsoncppsample\cwndsample\debug\vc120.idb
d:\dev\mfc\jsoncppsample\cwndsample\debug\stdafx.obj
d:\dev\mfc\jsoncppsample\cwndsample\debug\cwndsample.obj
d:\dev\mfc\jsoncppsample\cwndsample\debug\cwndsampledlg.obj
d:\dev\mfc\jsoncppsample\cwndsample\debug\testwnd.obj
d:\dev\mfc\jsoncppsample\cwndsample\debug\cwndsample.res
d:\dev\mfc\jsoncppsample\debug\cwndsample.pdb
d:\dev\mfc\jsoncppsample\cwndsample\debug\cwndsample.tlog\cl.command.1.tlog
d:\dev\mfc\jsoncppsample\cwndsample\debug\cwndsample.tlog\cl.read.1.tlog
d:\dev\mfc\jsoncppsample\cwndsample\debug\cwndsample.tlog\cl.write.1.tlog
d:\dev\mfc\jsoncppsample\cwndsample\debug\cwndsample.tlog\link-cvtres.read.1.tlog
d:\dev\mfc\jsoncppsample\cwndsample\debug\cwndsample.tlog\link-cvtres.write.1.tlog
d:\dev\mfc\jsoncppsample\cwndsample\debug\cwndsample.tlog\link-mt.read.1.tlog
d:\dev\mfc\jsoncppsample\cwndsample\debug\cwndsample.tlog\link-mt.write.1.tlog
d:\dev\mfc\jsoncppsample\cwndsample\debug\cwndsample.tlog\link-rc.read.1.tlog
d:\dev\mfc\jsoncppsample\cwndsample\debug\cwndsample.tlog\link-rc.write.1.tlog
d:\dev\mfc\jsoncppsample\cwndsample\debug\cwndsample.tlog\link.command.1.tlog
d:\dev\mfc\jsoncppsample\cwndsample\debug\cwndsample.tlog\link.read.1.tlog
d:\dev\mfc\jsoncppsample\cwndsample\debug\cwndsample.tlog\link.write.1.tlog
d:\dev\mfc\jsoncppsample\cwndsample\debug\cwndsample.tlog\rc.command.1.tlog
d:\dev\mfc\jsoncppsample\cwndsample\debug\cwndsample.tlog\rc.read.1.tlog
d:\dev\mfc\jsoncppsample\cwndsample\debug\cwndsample.tlog\rc.write.1.tlog
